{"/Users/zhangbaofeng/Desktop/sss_antd/components/index.js": {"path":"/Users/zhangbaofeng/Desktop/sss_antd/components/index.js","statementMap":{},"fnMap":{},"branchMap":{},"s":{},"f":{},"b":{}}
,"/Users/zhangbaofeng/Desktop/sss_antd/components/button/button.jsx": {"path":"/Users/zhangbaofeng/Desktop/sss_antd/components/button/button.jsx","statementMap":{"0":{"start":{"line":3,"column":15},"end":{"line":8,"column":1}},"1":{"start":{"line":4,"column":4},"end":{"line":4,"column":22}},"2":{"start":{"line":5,"column":25},"end":{"line":5,"column":30}},"3":{"start":{"line":6,"column":4},"end":{"line":6,"column":25}},"4":{"start":{"line":7,"column":4},"end":{"line":7,"column":53}}},"fnMap":{"0":{"name":"(anonymous_0)","decl":{"start":{"line":3,"column":15},"end":{"line":3,"column":16}},"loc":{"start":{"line":3,"column":26},"end":{"line":8,"column":1}},"line":3}},"branchMap":{},"s":{"0":1,"1":1,"2":1,"3":1,"4":1},"f":{"0":1},"b":{},"_coverageSchema":"1a1c01bbd47fc00a2c39e90264f33305004495a9","hash":"54b6d09fe7388d6dfec403c9322aed9884176b7d"}
,"/Users/zhangbaofeng/Desktop/sss_antd/components/button/index.js": {"path":"/Users/zhangbaofeng/Desktop/sss_antd/components/button/index.js","statementMap":{},"fnMap":{},"branchMap":{},"s":{},"f":{},"b":{},"_coverageSchema":"1a1c01bbd47fc00a2c39e90264f33305004495a9","hash":"2c24b93055efbf1357827e317aac0e7c75c692b7"}
}
