{"/Users/zhangbaofeng/Desktop/sss_antd/components/index.js": {"path":"/Users/zhangbaofeng/Desktop/sss_antd/components/index.js","statementMap":{},"fnMap":{},"branchMap":{},"s":{},"f":{},"b":{}}
,"/Users/zhangbaofeng/Desktop/sss_antd/components/button/button.jsx": {"path":"/Users/zhangbaofeng/Desktop/sss_antd/components/button/button.jsx","statementMap":{"0":{"start":{"line":3,"column":15},"end":{"line":6,"column":1}},"1":{"start":{"line":4,"column":25},"end":{"line":4,"column":30}},"2":{"start":{"line":5,"column":4},"end":{"line":5,"column":53}}},"fnMap":{"0":{"name":"(anonymous_0)","decl":{"start":{"line":3,"column":15},"end":{"line":3,"column":16}},"loc":{"start":{"line":3,"column":26},"end":{"line":6,"column":1}},"line":3}},"branchMap":{},"s":{"0":1,"1":1,"2":1},"f":{"0":1},"b":{},"_coverageSchema":"1a1c01bbd47fc00a2c39e90264f33305004495a9","hash":"5bc0024f1fe5e93ae6f5a95fc2e766dc14df76a4"}
,"/Users/zhangbaofeng/Desktop/sss_antd/components/button/index.js": {"path":"/Users/zhangbaofeng/Desktop/sss_antd/components/button/index.js","statementMap":{},"fnMap":{},"branchMap":{},"s":{},"f":{},"b":{},"_coverageSchema":"1a1c01bbd47fc00a2c39e90264f33305004495a9","hash":"2c24b93055efbf1357827e317aac0e7c75c692b7"}
}
